0 info it worked if it ends with ok
1 verbose cli [ '/usr/local/bin/node', '/usr/local/bin/npm', 'publish' ]
2 info using npm@3.10.10
3 info using node@v6.10.3
4 verbose publish [ '.' ]
5 silly cache add args [ '.', null ]
6 verbose cache add spec .
7 silly cache add parsed spec Result {
7 silly cache add   raw: '.',
7 silly cache add   scope: null,
7 silly cache add   escapedName: null,
7 silly cache add   name: null,
7 silly cache add   rawSpec: '.',
7 silly cache add   spec: '/Users/Deng/Root/jstool',
7 silly cache add   type: 'directory' }
8 verbose addLocalDirectory /Users/Deng/.npm/jstool/1.1.3/package.tgz not in flight; packing
9 verbose correctMkdir /Users/Deng/.npm correctMkdir not in flight; initializing
10 info lifecycle jstool@1.1.3~prepublish: jstool@1.1.3
11 silly lifecycle jstool@1.1.3~prepublish: no script for prepublish, continuing
12 verbose tar pack [ '/Users/Deng/.npm/jstool/1.1.3/package.tgz',
12 verbose tar pack   '/Users/Deng/Root/jstool' ]
13 verbose tarball /Users/Deng/.npm/jstool/1.1.3/package.tgz
14 verbose folder /Users/Deng/Root/jstool
15 verbose addLocalTarball adding from inside cache /Users/Deng/.npm/jstool/1.1.3/package.tgz
16 verbose correctMkdir /Users/Deng/.npm correctMkdir not in flight; initializing
17 silly cache afterAdd jstool@1.1.3
18 verbose afterAdd /Users/Deng/.npm/jstool/1.1.3/package/package.json not in flight; writing
19 verbose correctMkdir /Users/Deng/.npm correctMkdir not in flight; initializing
20 verbose afterAdd /Users/Deng/.npm/jstool/1.1.3/package/package.json written
21 silly publish { name: 'jstool',
21 silly publish   version: '1.1.3',
21 silly publish   description: '前端业务代码工具库',
21 silly publish   main: 'min/jstool.min.js',
21 silly publish   scripts:
21 silly publish    { build: 'node script/build.js',
21 silly publish      test: 'karma start script/karma.conf.js',
21 silly publish      jsBabel: 'babel src -d babelLib' },
21 silly publish   repository:
21 silly publish    { type: 'git',
21 silly publish      url: 'git+https://github.com/Hack-DJ/jstool.git' },
21 silly publish   keywords: [ 'util', 'tool', 'common-util' ],
21 silly publish   author: { name: 'DJ' },
21 silly publish   license: 'MIT',
21 silly publish   devDependencies:
21 silly publish    { 'babel-cli': '^6.26.0',
21 silly publish      'babel-core': '^6.26.0',
21 silly publish      'babel-loader': '^7.1.2',
21 silly publish      'babel-preset-env': '^1.6.1',
21 silly publish      'babel-preset-es2015': '^6.24.1',
21 silly publish      chalk: '^2.3.0',
21 silly publish      copy: '^0.3.1',
21 silly publish      karma: '^1.7.1',
21 silly publish      'karma-chrome-launcher': '^2.2.0',
21 silly publish      'karma-coverage': '^1.1.1',
21 silly publish      'karma-mocha': '^1.3.0',
21 silly publish      'karma-mocha-reporter': '^2.2.5',
21 silly publish      'karma-power-assert': '^1.0.0',
21 silly publish      mocha: '^4.0.1',
21 silly publish      ora: '^1.3.0',
21 silly publish      'power-assert': '^1.4.4',
21 silly publish      rimraf: '^2.6.2',
21 silly publish      webpack: '^3.8.1' },
21 silly publish   readme: '# outils\n\n[![Build Status](https://travis-ci.org/proYang/outils.svg?branch=master) ![LICENSE MIT](https://img.shields.io/npm/l/express.svg)](https://www.npmjs.com/package/outils)\n\n \n前端业务代码工具库  \n\n> 目的：高效率完成前端业务代码\n\n业务开发过程中，会经常用到`日期格式化`、`url参数转对象`、`浏览器类型判断`、`节流函数`等常用函数，为避免不同项目多次复制粘贴的麻烦，这里统一封装，并发布到npm，以提高开发效率。如果你也有常用的代码，欢迎为本项目提交pr。\n\n## 安装使用\n\n1. 直接下载`min`目录下的[outils.min.js](https://github.com/Hack-DJ/outils/blob/master/min/outils.min.js)使用，支持UMD通用模块规范  \n2. 使用npm安装\n\n### 浏览器:\n``` html\n  <script src="outils.min.js"></script>\n  <script>\n      var OS = outils.getOS()\n  </script>\n```\n\n### npm:\n``` bash\n$ npm install --save-dev outils\n```\n\nwebpack、RequireJS、SeaJS等\n\n``` javascript\n// 完整引入\nconst outils = require(\'outils\')\nconst OS = outils.getOS()\n```\n\n**推荐使用方法**  \n\n你真的不需要完整引入所有函数，所以只引入需要使用的方法即可。\n``` javascript\n// 只引入部分方法(\'outils/static/<方法名>\')\nconst getOS = require(\'outils/static/getOS\')\nconst OS = getOS()\n```\n\n\n\n\n\n\n\n\n## API文档\n\n### Array  \n#### &emsp;&emsp;[arrayEqual][arrayEqual]&emsp;&emsp;判断两个数组是否相等 \n\n### Class\n#### &emsp;&emsp;[classApi][classApi]&emsp;&emsp;className的操作api\n##### &emsp;&emsp;&emsp;&emsp;classApi.isElement(el) //是否元素节点\n##### &emsp;&emsp;&emsp;&emsp;classApi.hasClass(el,cls)\n##### &emsp;&emsp;&emsp;&emsp;classApi.addClass(el,cls)\n##### &emsp;&emsp;&emsp;&emsp;classApi.removeClass(el,cls)\n##### &emsp;&emsp;&emsp;&emsp;classApi.toggleClass(el,cls)\n\n### animationFrame\n#### &emsp;&emsp;[animationFrame][animationFrame]&emsp;&emsp;AnimationFrame简单兼容hack\n\n### collections\n#### &emsp;&emsp;[shuffle][shuffle]&emsp;&emsp;数组打乱随机乱序\n\n\n### Cookie\n#### &emsp;&emsp;[cookieApi][cookieApi]&emsp;&emsp;cookie存储(适用和服务端交互)\n##### &emsp;&emsp;&emsp;&emsp;cookieApi.set(name, value[, end[, path[, domain[, secure]]]])添加Cookie\n##### &emsp;&emsp;&emsp;&emsp;cookieApi.get(name) 根据name读取Cookie\n##### &emsp;&emsp;&emsp;&emsp;cookieApi.has(name) 根据name验证是否存在\n##### &emsp;&emsp;&emsp;&emsp;cookieApi.remove(name)根据name删除Cookie\n##### &emsp;&emsp;&emsp;&emsp;cookieApi.keys()   获取cookieKeys列表\n\n### Device  \n#### &emsp;&emsp;[getExplore][getExplore]&emsp;&emsp;获取浏览器类型和版本号  \n#### &emsp;&emsp;[getOS][getOS]&emsp;&emsp;获取操作系统类型\n#### &emsp;&emsp;[isWeixin][isWeixin]&emsp;&emsp;是否微信内置浏览器\n#### &emsp;&emsp;[getType][getType]&emsp;&emsp;是否手机\n#### &emsp;&emsp;[mobileType][mobileType]&emsp;&emsp;手机类型\n\n### Dom  \n#### &emsp;&emsp;[getScrollTop][getScrollTop]&emsp;&emsp;获取滚动条距顶部的距离\n#### &emsp;&emsp;[offset][offset]&emsp;&emsp;获取一个元素的距离文档(document)的位置，类似jQ中的offset()\n#### &emsp;&emsp;[scrollTo][scrollTo]&emsp;&emsp;在${duration}时间内，滚动条平滑滚动到${to}指定位置\n#### &emsp;&emsp;[setScrollTop][setScrollTop]&emsp;&emsp;设置滚动条距顶部的距离\n#### &emsp;&emsp;[windowResize][windowResize]&emsp;&emsp;H5软键盘缩回、弹起回调\n\n### prefixStyle\n#### &emsp;&emsp;[prefixStyle][prefixStyle]&emsp;&emsp;prefixStyle css针对不同浏览器加前缀\n\n### Function  \n#### &emsp;&emsp;[debounce][debounce]&emsp;&emsp;函数防抖   \n#### &emsp;&emsp;[throttle][throttle]&emsp;&emsp;函数节流   \n\n### Keycode  \n#### &emsp;&emsp;[getKeyName][getKeyName]&emsp;&emsp;根据keycode获得键名 \n\n### Object  \n#### &emsp;&emsp;[deepClone][deepClone]&emsp;&emsp;深拷贝，支持常见类型\n#### &emsp;&emsp;[isEmptyObject][isEmptyObject]&emsp;&emsp;判断Object是否为空\n#### &emsp;&emsp;[isEmpty][isEmpty]&emsp;&emsp;判断变量是否为空\n\n### Random  \n#### &emsp;&emsp;[randomColor][randomColor] &emsp;&emsp;随机生成颜色\n#### &emsp;&emsp;[randomNum][randomNum]&emsp;&emsp;生成指定范围随机数 \n\n### Regexp  \n#### &emsp;&emsp;[isEmail][isEmail]&emsp;&emsp;判断是否为邮箱地址 \n#### &emsp;&emsp;[isIdCard][isIdCard]&emsp;&emsp;判断是否为身份证号\n#### &emsp;&emsp;[isPhoneNum][isPhoneNum]&emsp;&emsp;判断是否为手机号  \n#### &emsp;&emsp;[isUrl][isUrl]&emsp;&emsp;判断是否为URL地址\n#### &emsp;&emsp;[priceSubstr][priceSubstr]&emsp;&emsp;千，万位分割\n\n### secretInfo\n#### &emsp;&emsp;[secretInfo][secretInfo]&emsp;&emsp;隐私信息加密\n\n\n### String  \n#### &emsp;&emsp;[digitUppercase][digitUppercase]&emsp;&emsp;现金额转大写\n\n### Stroge\n#### &emsp;&emsp;[Stroge][localStorageApi]&emsp;&emsp;缓存\n#### &emsp;&emsp;[Stroge][localStorageApi][set]&emsp;&emsp;设置缓存，缓存过期时间\n#### &emsp;&emsp;[Stroge][localStorageApi][get]&emsp;&emsp;读取缓存\n#### &emsp;&emsp;[Stroge][localStorageApi][remove]&emsp;&emsp;删除指定缓存\n#### &emsp;&emsp;[Stroge][localStorageApi][clearv]&emsp;&emsp;清空所有缓存\n\n\n### Support  \n#### &emsp;&emsp;[isSupportWebP][isSupportWebP]&emsp;&emsp;判断浏览器是否支持webP格式图片\n#### \n\n### Time  \n#### &emsp;&emsp;[formatPassTime][formatPassTime]&emsp;&emsp;格式化${startTime}距现在的已过时间\n#### &emsp;&emsp;[formatRemainTime][formatRemainTime]&emsp;&emsp;格式化现在距${endTime}的剩余时间\n#### &emsp;&emsp;[formatUnixTime][formatUnixTime]&emsp;&emsp;格式化时间错位年月日\n#### &emsp;&emsp;[formatTime][formatTime]&emsp;&emsp;格式化时间戳为年月日时分秒\n\n### Url\n#### &emsp;&emsp;[parseQueryString][parseQueryString]&emsp;&emsp;url参数转对象\n#### &emsp;&emsp;[stringfyQueryString][stringfyQueryString]&emsp;&emsp;对象序列化\n\n### Type\n#### &emsp;&emsp;[type][typeOf]&emsp;&emsp;判断类型\n\n\n[arrayEqual]:https://github.com/Hack-DJ/outils/blob/master/src/array/arrayEqual.js\n\n[classApi]:https://github.com/Hack-DJ/outils/blob/master/src/class/classApi.js\n\n[cookieApi]:https://github.com/Hack-DJ/outils/blob/master/src/cookie/cookie.js\n\n[shuffle]:https://github.com/Hack-DJ/outils/blob/master/src/collections/shuffle.js\n\n[getExplore]:https://github.com/Hack-DJ/outils/blob/master/src/device/getExplore.js\n[getOS]:https://github.com/Hack-DJ/outils/blob/master/src/device/getOS.js\n[getType]:https://github.com/Hack-DJ/outils/blob/master/src/device/getType.js\n[isWerixin]:https://github.com/Hack-DJ/outils/blob/master/src/device/isWerixin.js\n[mobileType]:https://github.com/Hack-DJ/outils/blob/master/src/device/mobileType.js\n\n[scrollApi]:https://github.com/Hack-DJ/outils/blob/master/src/dom/scrollApi.js\n[getScrollTop]:https://github.com/Hack-DJ/outils/blob/master/src/dom/getScrollTop.js\n[offset]:https://github.com/Hack-DJ/outils/blob/master/src/dom/offset.js\n[scrollTo]:https://github.com/Hack-DJ/outils/blob/master/src/dom/scrollTo.js\n[setScrollTop]:https://github.com/Hack-DJ/outils/blob/master/src/dom/setScrollTop.js\n[windowResize]:https://github.com/Hack-DJ/outils/blob/master/src/dom/windowResize.js\n\n[prefixStyle]:https://github.com/Hack-DJ/outils/blob/master/src/prefixStyle/prefixStyle.js\n\n[debounce]:https://github.com/Hack-DJ/outils/blob/master/src/function/debounce.js\n[throttle]:https://github.com/Hack-DJ/outils/blob/master/src/function/throttle.js\n\n[getKeyName]:https://github.com/Hack-DJ/outils/blob/master/src/keycode/getKeyName.js\n\n[deepClone]:https://github.com/Hack-DJ/outils/blob/master/src/object/deepClone.js\n[isEmptyObject]:https://github.com/Hack-DJ/outils/blob/master/src/object/isEmptyObject.js\n[isEmpty]:https://github.com/Hack-DJ/outils/blob/master/src/object/isEmpty.js\n\n[randomColor]:https://github.com/Hack-DJ/outils/blob/master/src/random/randomColor.js\n[randomNum]:https://github.com/Hack-DJ/outils/blob/master/src/random/randomNum.js\n\n[isEmail]:https://github.com/Hack-DJ/outils/blob/master/src/regexp/isEmail.js\n[isIdCard]:https://github.com/Hack-DJ/outils/blob/master/src/regexp/isIdCard.js\n[isPhoneNum]:https://github.com/Hack-DJ/outils/blob/master/src/regexp/isPhoneNum.js\n[isUrl]:https://github.com/Hack-DJ/outils/blob/master/src/regexp/isUrl.js\n[priceSubstr]:https://github.com/Hack-DJ/outils/blob/master/src/regexp/priceSubstr.js\n\n[secretInfo]:https://github.com/Hack-DJ/outils/blob/master/src/secret/secretInfo.js\n\n[digitUppercase]:https://github.com/Hack-DJ/outils/blob/master/src/string/digitUppercase.js\n\n[isSupportWebP]:https://github.com/Hack-DJ/outils/blob/master/src/support/isSupportWebP.js\n\n[localStorage]:https://github.com/Hack-DJ/outils/blob/master/src/stroge/localStorage.js\n\n[isSupportWebP]:https://github.com/Hack-DJ/outils/blob/master/src/support/isSupportWebP.js\n\n[formatPassTime]:https://github.com/Hack-DJ/outils/blob/master/src/time/formatPassTime.js\n[formatRemainTime]:https://github.com/Hack-DJ/outils/blob/master/src/time/formatRemainTime.js\n[formatTime]:https://github.com/Hack-DJ/outils/blob/master/src/time/formatTime.js\n[formatUnixTime]:https://github.com/Hack-DJ/outils/blob/master/src/time/formatUnixTime.js\n\n[typeOf]:https://github.com/Hack-DJ/outils/blob/master/src/type/typeOf.js\n\n[parseQueryString]:https://github.com/Hack-DJ/outils/blob/master/src/url/parseQueryString.js\n[stringfyQueryString]:https://github.com/Hack-DJ/outils/blob/master/src/url/stringfyQueryString.js\n',
21 silly publish   readmeFilename: 'README.md',
21 silly publish   bugs: { url: 'https://github.com/Hack-DJ/jstool/issues' },
21 silly publish   homepage: 'https://github.com/Hack-DJ/jstool#readme',
21 silly publish   _id: 'jstool@1.1.3',
21 silly publish   _shasum: '0dc889d8cc6fd1fbcba2e7763a0db54d5bbd6d91',
21 silly publish   _from: '.' }
22 verbose getPublishConfig undefined
23 silly mapToRegistry name jstool
24 silly mapToRegistry using default registry
25 silly mapToRegistry registry https://registry.npmjs.org/
26 silly mapToRegistry data Result {
26 silly mapToRegistry   raw: 'jstool',
26 silly mapToRegistry   scope: null,
26 silly mapToRegistry   escapedName: 'jstool',
26 silly mapToRegistry   name: 'jstool',
26 silly mapToRegistry   rawSpec: '',
26 silly mapToRegistry   spec: 'latest',
26 silly mapToRegistry   type: 'tag' }
27 silly mapToRegistry uri https://registry.npmjs.org/jstool
28 verbose publish registryBase https://registry.npmjs.org/
29 silly publish uploading /Users/Deng/.npm/jstool/1.1.3/package.tgz
30 verbose request uri https://registry.npmjs.org/jstool
31 verbose request sending authorization for write operation
32 info attempt registry request try #1 at 5:37:44 PM
33 verbose request using bearer token for auth
34 verbose request id 5835ea3977d61df0
35 http request PUT https://registry.npmjs.org/jstool
36 http 403 https://registry.npmjs.org/jstool
37 verbose headers { 'content-type': 'application/json',
37 verbose headers   'cache-control': 'max-age=300',
37 verbose headers   'content-length': '100',
37 verbose headers   'accept-ranges': 'bytes',
37 verbose headers   date: 'Thu, 01 Feb 2018 09:37:46 GMT',
37 verbose headers   via: '1.1 varnish',
37 verbose headers   connection: 'keep-alive',
37 verbose headers   'x-served-by': 'cache-hnd18729-HND',
37 verbose headers   'x-cache': 'MISS',
37 verbose headers   'x-cache-hits': '0',
37 verbose headers   'x-timer': 'S1517477865.447274,VS0,VE676',
37 verbose headers   vary: 'Accept-Encoding, Accept' }
38 verbose request invalidating /Users/Deng/.npm/registry.npmjs.org/jstool on PUT
39 error publish Failed PUT 403
40 verbose stack Error: You do not have permission to publish "jstool". Are you logged in as the correct user? : jstool
40 verbose stack     at makeError (/usr/local/lib/node_modules/npm/node_modules/npm-registry-client/lib/request.js:302:12)
40 verbose stack     at CachingRegistryClient.<anonymous> (/usr/local/lib/node_modules/npm/node_modules/npm-registry-client/lib/request.js:290:14)
40 verbose stack     at Request._callback (/usr/local/lib/node_modules/npm/node_modules/npm-registry-client/lib/request.js:210:14)
40 verbose stack     at Request.self.callback (/usr/local/lib/node_modules/npm/node_modules/request/request.js:187:22)
40 verbose stack     at emitTwo (events.js:106:13)
40 verbose stack     at Request.emit (events.js:191:7)
40 verbose stack     at Request.<anonymous> (/usr/local/lib/node_modules/npm/node_modules/request/request.js:1048:10)
40 verbose stack     at emitOne (events.js:96:13)
40 verbose stack     at Request.emit (events.js:188:7)
40 verbose stack     at IncomingMessage.<anonymous> (/usr/local/lib/node_modules/npm/node_modules/request/request.js:969:12)
41 verbose statusCode 403
42 verbose pkgid jstool
43 verbose cwd /Users/Deng/Root/jstool
44 error Darwin 17.3.0
45 error argv "/usr/local/bin/node" "/usr/local/bin/npm" "publish"
46 error node v6.10.3
47 error npm  v3.10.10
48 error code E403
49 error You do not have permission to publish "jstool". Are you logged in as the correct user? : jstool
50 error If you need help, you may report this error at:
50 error     <https://github.com/npm/npm/issues>
51 verbose exit [ 1, true ]
